{"C:\\Users\\Aluno\\projetoBack\\banco.js": {"path":"C:\\Users\\Aluno\\projetoBack\\banco.js","statementMap":{"0":{"start":{"line":1,"column":20},"end":{"line":1,"column":40}},"1":{"start":{"line":4,"column":17},"end":{"line":11,"column":2}},"2":{"start":{"line":13,"column":0},"end":{"line":17,"column":3}},"3":{"start":{"line":14,"column":4},"end":{"line":14,"column":32}},"4":{"start":{"line":16,"column":4},"end":{"line":16,"column":33}},"5":{"start":{"line":19,"column":0},"end":{"line":19,"column":26}}},"fnMap":{"0":{"name":"(anonymous_0)","decl":{"start":{"line":13,"column":29},"end":{"line":13,"column":30}},"loc":{"start":{"line":13,"column":39},"end":{"line":15,"column":1}},"line":13},"1":{"name":"(anonymous_1)","decl":{"start":{"line":15,"column":9},"end":{"line":15,"column":10}},"loc":{"start":{"line":15,"column":19},"end":{"line":17,"column":1}},"line":15}},"branchMap":{},"s":{"0":1,"1":1,"2":1,"3":0,"4":0,"5":1},"f":{"0":0,"1":0},"b":{},"_coverageSchema":"1a1c01bbd47fc00a2c39e90264f33305004495a9","hash":"a2b5d77850fd550ee4eda610caed5bdd4ba83dd8"}
,"C:\\Users\\Aluno\\projetoBack\\app\\app.js": {"path":"C:\\Users\\Aluno\\projetoBack\\app\\app.js","statementMap":{"0":{"start":{"line":1,"column":16},"end":{"line":1,"column":34}},"1":{"start":{"line":2,"column":15},"end":{"line":2,"column":24}},"2":{"start":{"line":3,"column":20},"end":{"line":3,"column":51}},"3":{"start":{"line":4,"column":15},"end":{"line":4,"column":41}},"4":{"start":{"line":6,"column":0},"end":{"line":6,"column":27}},"5":{"start":{"line":8,"column":0},"end":{"line":10,"column":2}},"6":{"start":{"line":9,"column":4},"end":{"line":9,"column":24}},"7":{"start":{"line":12,"column":0},"end":{"line":14,"column":2}},"8":{"start":{"line":13,"column":4},"end":{"line":13,"column":33}},"9":{"start":{"line":17,"column":0},"end":{"line":33,"column":3}},"10":{"start":{"line":18,"column":4},"end":{"line":18,"column":26}},"11":{"start":{"line":20,"column":4},"end":{"line":30,"column":7}},"12":{"start":{"line":21,"column":8},"end":{"line":24,"column":10}},"13":{"start":{"line":26,"column":8},"end":{"line":29,"column":11}},"14":{"start":{"line":32,"column":4},"end":{"line":32,"column":15}},"15":{"start":{"line":35,"column":0},"end":{"line":37,"column":2}},"16":{"start":{"line":36,"column":4},"end":{"line":36,"column":37}}},"fnMap":{"0":{"name":"(anonymous_0)","decl":{"start":{"line":8,"column":16},"end":{"line":8,"column":17}},"loc":{"start":{"line":8,"column":35},"end":{"line":10,"column":1}},"line":8},"1":{"name":"(anonymous_1)","decl":{"start":{"line":12,"column":30},"end":{"line":12,"column":31}},"loc":{"start":{"line":12,"column":50},"end":{"line":14,"column":1}},"line":12},"2":{"name":"(anonymous_2)","decl":{"start":{"line":17,"column":32},"end":{"line":17,"column":33}},"loc":{"start":{"line":17,"column":52},"end":{"line":33,"column":1}},"line":17},"3":{"name":"(anonymous_3)","decl":{"start":{"line":20,"column":39},"end":{"line":20,"column":40}},"loc":{"start":{"line":20,"column":45},"end":{"line":25,"column":5}},"line":20},"4":{"name":"(anonymous_4)","decl":{"start":{"line":25,"column":13},"end":{"line":25,"column":14}},"loc":{"start":{"line":25,"column":19},"end":{"line":30,"column":5}},"line":25},"5":{"name":"(anonymous_5)","decl":{"start":{"line":35,"column":20},"end":{"line":35,"column":21}},"loc":{"start":{"line":35,"column":25},"end":{"line":37,"column":1}},"line":35}},"branchMap":{},"s":{"0":1,"1":1,"2":1,"3":1,"4":1,"5":1,"6":0,"7":1,"8":0,"9":1,"10":0,"11":0,"12":0,"13":0,"14":0,"15":1,"16":0},"f":{"0":0,"1":0,"2":0,"3":0,"4":0,"5":0},"b":{},"_coverageSchema":"1a1c01bbd47fc00a2c39e90264f33305004495a9","hash":"c29a8ecca1d551305dff26ee56d3c565f0d69478"}
,"C:\\Users\\Aluno\\projetoBack\\app\\controllers\\Pessoa.js": {"path":"C:\\Users\\Aluno\\projetoBack\\app\\controllers\\Pessoa.js","statementMap":{"0":{"start":{"line":1,"column":15},"end":{"line":1,"column":42}},"1":{"start":{"line":2,"column":16},"end":{"line":2,"column":34}},"2":{"start":{"line":3,"column":15},"end":{"line":3,"column":24}},"3":{"start":{"line":6,"column":0},"end":{"line":8,"column":2}},"4":{"start":{"line":7,"column":4},"end":{"line":7,"column":33}},"5":{"start":{"line":11,"column":0},"end":{"line":27,"column":3}},"6":{"start":{"line":12,"column":4},"end":{"line":12,"column":26}},"7":{"start":{"line":14,"column":4},"end":{"line":24,"column":7}},"8":{"start":{"line":15,"column":8},"end":{"line":18,"column":10}},"9":{"start":{"line":20,"column":8},"end":{"line":23,"column":11}},"10":{"start":{"line":26,"column":4},"end":{"line":26,"column":15}}},"fnMap":{"0":{"name":"(anonymous_0)","decl":{"start":{"line":6,"column":30},"end":{"line":6,"column":31}},"loc":{"start":{"line":6,"column":50},"end":{"line":8,"column":1}},"line":6},"1":{"name":"(anonymous_1)","decl":{"start":{"line":11,"column":32},"end":{"line":11,"column":33}},"loc":{"start":{"line":11,"column":52},"end":{"line":27,"column":1}},"line":11},"2":{"name":"(anonymous_2)","decl":{"start":{"line":14,"column":39},"end":{"line":14,"column":40}},"loc":{"start":{"line":14,"column":45},"end":{"line":19,"column":5}},"line":14},"3":{"name":"(anonymous_3)","decl":{"start":{"line":19,"column":13},"end":{"line":19,"column":14}},"loc":{"start":{"line":19,"column":19},"end":{"line":24,"column":5}},"line":19}},"branchMap":{},"s":{"0":1,"1":1,"2":1,"3":1,"4":0,"5":1,"6":0,"7":0,"8":0,"9":0,"10":0},"f":{"0":0,"1":0,"2":0,"3":0},"b":{},"_coverageSchema":"1a1c01bbd47fc00a2c39e90264f33305004495a9","hash":"ace255a5631e6c8392240653ffadc0fee1709ee5"}
,"C:\\Users\\Aluno\\projetoBack\\app\\models\\Pessoa.js": {"path":"C:\\Users\\Aluno\\projetoBack\\app\\models\\Pessoa.js","statementMap":{"0":{"start":{"line":1,"column":18},"end":{"line":1,"column":38}},"1":{"start":{"line":2,"column":11},"end":{"line":2,"column":33}},"2":{"start":{"line":4,"column":15},"end":{"line":20,"column":2}},"3":{"start":{"line":22,"column":0},"end":{"line":22,"column":27}},"4":{"start":{"line":24,"column":0},"end":{"line":24,"column":24}}},"fnMap":{},"branchMap":{},"s":{"0":1,"1":1,"2":1,"3":1,"4":1},"f":{},"b":{},"_coverageSchema":"1a1c01bbd47fc00a2c39e90264f33305004495a9","hash":"16ba2e48ec065303304b912966818fbd30f2fc8e"}
}
