TN:
SF:banco.js
FN:13,(anonymous_0)
FN:15,(anonymous_1)
FNF:2
FNH:0
FNDA:0,(anonymous_0)
FNDA:0,(anonymous_1)
DA:1,1
DA:4,1
DA:13,1
DA:14,0
DA:16,0
DA:19,1
LF:6
LH:4
BRF:0
BRH:0
end_of_record
TN:
SF:app\app.js
FN:8,(anonymous_0)
FN:12,(anonymous_1)
FN:17,(anonymous_2)
FN:20,(anonymous_3)
FN:25,(anonymous_4)
FN:35,(anonymous_5)
FNF:6
FNH:0
FNDA:0,(anonymous_0)
FNDA:0,(anonymous_1)
FNDA:0,(anonymous_2)
FNDA:0,(anonymous_3)
FNDA:0,(anonymous_4)
FNDA:0,(anonymous_5)
DA:1,1
DA:2,1
DA:3,1
DA:4,1
DA:6,1
DA:8,1
DA:9,0
DA:12,1
DA:13,0
DA:17,1
DA:18,0
DA:20,0
DA:21,0
DA:26,0
DA:32,0
DA:35,1
DA:36,0
LF:17
LH:9
BRF:0
BRH:0
end_of_record
TN:
SF:app\controllers\Pessoa.js
FN:6,(anonymous_0)
FN:11,(anonymous_1)
FN:14,(anonymous_2)
FN:19,(anonymous_3)
FNF:4
FNH:0
FNDA:0,(anonymous_0)
FNDA:0,(anonymous_1)
FNDA:0,(anonymous_2)
FNDA:0,(anonymous_3)
DA:1,1
DA:2,1
DA:3,1
DA:6,1
DA:7,0
DA:11,1
DA:12,0
DA:14,0
DA:15,0
DA:20,0
DA:26,0
LF:11
LH:5
BRF:0
BRH:0
end_of_record
TN:
SF:app\models\Pessoa.js
FNF:0
FNH:0
DA:1,1
DA:2,1
DA:4,1
DA:22,1
DA:24,1
LF:5
LH:5
BRF:0
BRH:0
end_of_record
